<?xml version="1.0" encoding="UTF-8"?>
<!-- Generated by org.testng.reporters.JUnitXMLReporter -->
<testsuite ignored="1" hostname="LAPTOP-8FIL7R3D" failures="0" tests="1" name="Default test" time="9.843" errors="0" timestamp="2023-03-29T07:36:59 IST">
  <testcase classname="TestScriptsPackage.TestCases" name="verifychatbotVisibleOnHomeScreen" time="2.698"/>
  <testcase classname="TestScriptsPackage.TestCases" name="verifyChatBotWelcomeMessage" time="0.0">
    <ignored/>
  </testcase> <!-- verifyChatBotWelcomeMessage -->
</testsuite> <!-- Default test -->
