<?xml version="1.0" encoding="UTF-8"?>
<testng-results ignored="0" total="2" passed="2" failed="0" skipped="0">
  <reporter-output>
  </reporter-output>
  <suite started-at="2023-03-29T07:49:20 IST" name="Suite" finished-at="2023-03-29T07:49:40 IST" duration-ms="20453">
    <groups>
    </groups>
    <test started-at="2023-03-29T07:49:20 IST" name="Test" finished-at="2023-03-29T07:49:40 IST" duration-ms="20453">
      <class name="TestScriptsPackage.TestCases">
        <test-method is-config="true" signature="InitialSteps()[pri:0, instance:TestScriptsPackage.TestCases@1a482e36]" started-at="2023-03-29T07:49:20 IST" name="InitialSteps" finished-at="2023-03-29T07:49:26 IST" duration-ms="6440" status="PASS">
          <reporter-output>
          </reporter-output>
        </test-method> <!-- InitialSteps -->
        <test-method signature="verifyChatBotWelcomeMessage()[pri:0, instance:TestScriptsPackage.TestCases@1a482e36]" started-at="2023-03-29T07:49:26 IST" name="verifyChatBotWelcomeMessage" finished-at="2023-03-29T07:49:33 IST" duration-ms="6360" status="PASS">
          <reporter-output>
          </reporter-output>
        </test-method> <!-- verifyChatBotWelcomeMessage -->
        <test-method is-config="true" signature="InitialSteps()[pri:0, instance:TestScriptsPackage.TestCases@1a482e36]" started-at="2023-03-29T07:49:33 IST" name="InitialSteps" finished-at="2023-03-29T07:49:38 IST" duration-ms="4965" status="PASS">
          <reporter-output>
          </reporter-output>
        </test-method> <!-- InitialSteps -->
        <test-method signature="verifychatbotVisibleOnHomeScreen()[pri:0, instance:TestScriptsPackage.TestCases@1a482e36]" started-at="2023-03-29T07:49:38 IST" name="verifychatbotVisibleOnHomeScreen" finished-at="2023-03-29T07:49:40 IST" duration-ms="2631" status="PASS">
          <reporter-output>
          </reporter-output>
        </test-method> <!-- verifychatbotVisibleOnHomeScreen -->
      </class> <!-- TestScriptsPackage.TestCases -->
    </test> <!-- Test -->
  </suite> <!-- Suite -->
</testng-results>
